make.exe all --print-data-base --no-builtin-variables --no-builtin-rules --question
make: *** No rule to make target 'all'.  Stop.

# GNU Make 4.4.1
# Built for Windows32
# Copyright (C) 1988-2023 Free Software Foundation, Inc.
# License GPLv3+: GNU GPL version 3 or later <https://gnu.org/licenses/gpl.html>
# This is free software: you are free to change and redistribute it.
# There is NO WARRANTY, to the extent permitted by law.

# Make data base, printed on Thu Mar 12 19:06:07 2026

# Variables

# environment
FPS_BROWSER_APP_PROFILE_STRING = Internet Explorer
# environment
SYSTEMDRIVE = C:
# environment
LC_ALL = C
# environment
EFC_9240_1262719628 = 1
# environment
USERPROFILE = C:\Users\ffeit
# environment
LOCALAPPDATA = C:\Users\ffeit\AppData\Local
# environment
VSCODE_CRASH_REPORTER_PROCESS_TYPE = extensionHost
# environment
VSCODE_CWD = C:\Users\ffeit\AppData\Local\Programs\Microsoft VS Code
# environment
CHOCOLATEYINSTALL = C:\ProgramData\chocolatey
# environment
SYSTEMROOT = C:\WINDOWS
# environment
PROCESSOR_LEVEL = 6
# environment
PSMODULEPATH = C:\Program Files\WindowsPowerShell\Modules;C:\WINDOWS\system32\WindowsPowerShell\v1.0\Modules
# default
MAKE_COMMAND := C:/ProgramData/chocolatey/lib/make/tools/install/bin/make.exe
# automatic
@D = $(patsubst %/,%,$(patsubst %\,%,$(dir $@)))
# environment
CHROME_CRASHPAD_PIPE_NAME = \\.\pipe\crashpad_19496_IJDSSADNOHIZCGUL
# environment
FPS_BROWSER_USER_PROFILE_STRING = Default
# environment
VSCODE_HANDLES_UNCAUGHT_ERRORS = true
# default
.VARIABLES := 
# automatic
%D = $(patsubst %/,%,$(patsubst %\,%,$(dir $%)))
# automatic
^D = $(patsubst %/,%,$(patsubst %\,%,$(dir $^)))
# automatic
%F = $(notdir $%)
# environment
VSCODE_CODE_CACHE_PATH = C:\Users\ffeit\AppData\Roaming\Code\CachedData\ce099c1ed25d9eb3076c11e4a280f3eb52b4fbeb
# environment
LANG = C
# default
.LOADED := 
# environment
TMP = C:\Users\ffeit\AppData\Local\Temp
# default
.INCLUDE_DIRS := .
# environment
PROCESSOR_ARCHITEW6432 = AMD64
# makefile
MAKEFLAGS = pqrR
# environment
ONEDRIVE = C:\Users\ffeit\OneDrive
# makefile
CURDIR := c:/Users/ffeit/Documents/GitHub/ml-hemoglobin-analysis
# environment
APPLICATION_INSIGHTS_NO_DIAGNOSTIC_CHANNEL = true
# environment
VSCODE_L10N_BUNDLE_LOCATION = file:///c%3A/Users/ffeit/.vscode/extensions/ms-ceintl.vscode-language-pack-pt-br-1.110.2026031109/translations/extensions/vscode.json-language-features.i18n.json
# automatic
*D = $(patsubst %/,%,$(patsubst %\,%,$(dir $*)))
# environment
PROGRAMFILES = C:\Program Files (x86)
# environment
MFLAGS = -pqrR
# default
.SHELLFLAGS := -c
# environment
COMMONPROGRAMW6432 = C:\Program Files\Common Files
# environment
EFC_9240_344590478 = 1
# automatic
+D = $(patsubst %/,%,$(patsubst %\,%,$(dir $+)))
# makefile
MAKEFILE_LIST := 
# automatic
@F = $(notdir $@)
# environment
VSCODE_PID = 19496
# automatic
?D = $(patsubst %/,%,$(patsubst %\,%,$(dir $?)))
# automatic
*F = $(notdir $*)
# automatic
<D = $(patsubst %/,%,$(patsubst %\,%,$(dir $<)))
# environment
VSCODE_NLS_CONFIG = {"userLocale":"pt-br","osLocale":"pt-br","resolvedLanguage":"pt-br","defaultMessagesFile":"C:\\Users\\ffeit\\AppData\\Local\\Programs\\Microsoft VS Code\\ce099c1ed2\\resources\\app\\out\\nls.messages.json","languagePack":{"translationsConfigFile":"C:\\Users\\ffeit\\AppData\\Roaming\\Code\\clp\\9c18d2eb676817a829133cc9f9fd10c3.pt-br\\tcf.json","messagesFile":"C:\\Users\\ffeit\\AppData\\Roaming\\Code\\clp\\9c18d2eb676817a829133cc9f9fd10c3.pt-br\\ce099c1ed25d9eb3076c11e4a280f3eb52b4fbeb\\nls.messages.json","corruptMarkerFile":"C:\\Users\\ffeit\\AppData\\Roaming\\Code\\clp\\9c18d2eb676817a829133cc9f9fd10c3.pt-br\\corrupted.info"},"locale":"pt-br","availableLanguages":{"*":"pt-br"},"_languagePackId":"9c18d2eb676817a829133cc9f9fd10c3.pt-br","_languagePackSupport":true,"_translationsConfigFile":"C:\\Users\\ffeit\\AppData\\Roaming\\Code\\clp\\9c18d2eb676817a829133cc9f9fd10c3.pt-br\\tcf.json","_cacheRoot":"C:\\Users\\ffeit\\AppData\\Roaming\\Code\\clp\\9c18d2eb676817a829133cc9f9fd10c3.pt-br","_resolvedLanguagePackCoreLocation":"C:\\Users\\ffeit\\AppData\\Roaming\\Code\\clp\\9c18d2eb676817a829133cc9f9fd10c3.pt-br\\ce099c1ed25d9eb3076c11e4a280f3eb52b4fbeb","_corruptedFile":"C:\\Users\\ffeit\\AppData\\Roaming\\Code\\clp\\9c18d2eb676817a829133cc9f9fd10c3.pt-br\\corrupted.info"}
# environment
ONEDRIVECONSUMER = C:\Users\ffeit\OneDrive
# default
MAKE_HOST := Windows32
# environment
PROGRAMDATA = C:\ProgramData
# default
SHELL := sh.exe
# environment
HOMEPATH = \Users\ffeit
# default
MAKECMDGOALS := all
# environment
ACSETUPSVCPORT = 23210
# environment
DRIVERDATA = C:\Windows\System32\Drivers\DriverData
# environment
COMSPEC = C:\WINDOWS\system32\cmd.exe
# environment
WINDIR = C:\WINDOWS
# environment
EFC_9240_3789132940 = 1
# environment
MAKELEVEL := 0
# default
MAKE = $(MAKE_COMMAND)
# environment
PATH = C:\Users\ffeit\AppData\Local\Programs\Microsoft VS Code;C:\WINDOWS\system32;C:\WINDOWS;C:\WINDOWS\System32\Wbem;C:\WINDOWS\System32\WindowsPowerShell\v1.0\;C:\WINDOWS\System32\OpenSSH\;C:\Program Files\NVIDIA Corporation\NVIDIA App\NvDLISR;C:\Program Files (x86)\NVIDIA Corporation\PhysX\Common;C:\Program Files\dotnet\;C:\Program Files\Git\cmd;C:\ProgramData\chocolatey\bin;C:\Users\ffeit\AppData\Local\Microsoft\WindowsApps;C:\Users\ffeit\AppData\Local\Programs\Microsoft VS Code\bin;C:\Users\ffeit\AppData\Local\Programs\cursor\resources\app\bin;C:\Users\ffeit\AppData\Local\Python\bin;C:\Users\ffeit\AppData\Local\GitHubDesktop\bin
# environment
COMPUTERNAME = DESKTOP-0FBUM4G
# default
MAKEFILES := 
# automatic
^F = $(notdir $^)
# environment
PROMPT = $P$G
# environment
CHOCOLATEYLASTPATHUPDATE = 134177498722912312
# environment
APPLICATION_INSIGHTS_NO_STATSBEAT = true
# environment
LOGONSERVER = \\DESKTOP-0FBUM4G
# environment
EFC_9240_2775293581 = 1
# environment
USERNAME = ffeit
# environment
COMMONPROGRAMFILES = C:\Program Files (x86)\Common Files
# automatic
?F = $(notdir $?)
# environment
EFC_9240_1592913036 = 1
# environment
PROGRAMW6432 = C:\Program Files
# environment
PATHEXT = .COM;.EXE;.BAT;.CMD;.VBS;.VBE;.JS;.JSE;.WSF;.WSH;.MSC
# automatic
+F = $(notdir $+)
# environment
USERDOMAIN = DESKTOP-0FBUM4G
# 'override' directive
GNUMAKEFLAGS := 
# environment
OS = Windows_NT
# makefile
.DEFAULT_GOAL := 
# default
MAKE_VERSION := 4.4.1
# environment
RLSSVCPORT = 22112
# environment
PROGRAMFILES(X86) = C:\Program Files (x86)
# environment
USERDOMAIN_ROAMINGPROFILE = DESKTOP-0FBUM4G
# environment
NUMBER_OF_PROCESSORS = 12
# environment
PUBLIC = C:\Users\Public
# environment
APPDATA = C:\Users\ffeit\AppData\Roaming
# environment
EFC_9240_2283032206 = 1
# environment
HOMEDRIVE = C:
# environment
PROCESSOR_ARCHITECTURE = x86
# environment
COMMONPROGRAMFILES(X86) = C:\Program Files (x86)\Common Files
# environment
ELECTRON_RUN_AS_NODE = 1
# environment
TEMP = C:\Users\ffeit\AppData\Local\Temp
# environment
VSCODE_IPC_HOOK = \\.\pipe\385b6df8-1.111.0-main-sock
# default
.RECIPEPREFIX := 
# automatic
<F = $(notdir $<)
# default
SUFFIXES := 
# environment
ALLUSERSPROFILE = C:\ProgramData
# environment
SESSIONNAME = Console
# default
.FEATURES := target-specific order-only second-expansion else-if shortest-stem undefine oneshell nocomment grouped-target extra-prereqs notintermediate shell-export archives jobserver output-sync load dospaths
# environment
PROCESSOR_REVISION = ba02
# environment
VSCODE_ESM_ENTRYPOINT = vs/workbench/api/node/extensionHostProcess
# environment
PROCESSOR_IDENTIFIER = Intel64 Family 6 Model 186 Stepping 2, GenuineIntel
# variable set hash-table stats:
# Load=102/1024=10%, Rehash=0, Collisions=13/127=10%

# Pattern-specific Variable Values

# No pattern-specific variable values.

# Directories

# . (key c:/Users/ffeit/Documents/GitHub/ml-hemoglobin-analysis, mtime 1773193701): 7 files, no impossibilities.

# 7 files, no impossibilities in 1 directories.

# Implicit Rules

# No implicit rules.

# Files

# Not a target:
Makefile:
#  Implicit rule search has been done.
#  File does not exist.
#  File has been updated.
#  Failed to be updated.

# Not a target:
.DEFAULT:
#  Implicit rule search has not been done.
#  Modification time never checked.
#  File has not been updated.

# Not a target:
all:
#  Command line target.
#  Implicit rule search has been done.
#  File does not exist.
#  File has not been updated.

# Not a target:
makefile:
#  Implicit rule search has been done.
#  File does not exist.
#  File has been updated.
#  Failed to be updated.

# Not a target:
makefile.mak:
#  Implicit rule search has been done.
#  File does not exist.
#  File has been updated.
#  Failed to be updated.

# Not a target:
GNUmakefile:
#  Implicit rule search has been done.
#  File does not exist.
#  File has been updated.
#  Failed to be updated.

# files hash-table stats:
# Load=7/1024=1%, Rehash=0, Collisions=0/17=0%
# VPATH Search Paths

# No 'vpath' search paths.

# No general ('VPATH' variable) search path.

# strcache buffers: 1 (0) / strings = 14 / storage = 111 B / avg = 7 B
# current buf: size = 8174 B / used = 111 B / count = 14 / avg = 7 B

# strcache performance: lookups = 17 / hit rate = 17%
# hash-table stats:
# Load=14/8192=0%, Rehash=0, Collisions=0/17=0%
# Finished Make data base on Thu Mar 12 19:06:07 2026

 
